<?xml version="1.0" encoding="UTF-8"?>
<!-- Generated by org.testng.reporters.JUnitReportReporter -->
<testsuite skipped="0" hostname="WLW10-KASHIFAB" name="com.myntra.Automation.AppTest" tests="1" failures="0" timestamp="7 Apr 2020 12:36:40 GMT" time="0.011" errors="0">
  <testcase name="mrrun" time="0.011" classname="com.myntra.Automation.AppTest"/>
</testsuite> <!-- com.myntra.Automation.AppTest -->
