<?xml version="1.0" encoding="UTF-8"?>
<!-- Generated by org.testng.reporters.JUnitReportReporter -->
<testsuite skipped="0" hostname="WLW10-KASHIFAB" name="com.myntra.testcases.SearchTestCase" tests="1" failures="0" timestamp="24 Apr 2020 14:00:04 GMT" time="11.962" errors="0">
  <testcase name="SearchForProduct" time="11.962" classname="com.myntra.testcases.SearchTestCase"/>
</testsuite> <!-- com.myntra.testcases.SearchTestCase -->
