<?xml version="1.0" encoding="UTF-8"?>
<!-- Generated by org.testng.reporters.JUnitReportReporter -->
<testsuite skipped="0" hostname="ENCOPDBANLT0724" name="com.myntra.testcases.SearchTestCase" tests="1" failures="0" timestamp="19 Aug 2021 09:56:43 GMT" time="21.677" errors="0">
  <testcase name="SearchForProduct" time="21.677" classname="com.myntra.testcases.SearchTestCase"/>
</testsuite> <!-- com.myntra.testcases.SearchTestCase -->
