<?xml version="1.0" encoding="UTF-8"?>
<!-- Generated by org.testng.reporters.JUnitReportReporter -->
<testsuite skipped="0" hostname="WLW10-KASHIFAB" name="com.myntra.utility.BaseClass" tests="1" failures="0" timestamp="24 Apr 2020 13:54:21 GMT" time="27.050" errors="0">
  <testcase name="setDriver" time="27.050" classname="com.myntra.utility.BaseClass"/>
</testsuite> <!-- com.myntra.utility.BaseClass -->
